# JRE version: Java(TM) SE Runtime Environment (17.0.11+7) (build 17.0.11+7-LTS-207)
# Java VM: Java HotSpot(TM) 64-Bit Server VM (17.0.11+7-LTS-207, mixed mode, emulated-client, sharing, tiered, compressed oops, compressed class ptrs, g1 gc, windows-amd64)
GC Precious Log:
 CPUs: 4 total, 4 available
 Memory: 8073M
 Large Page Support: Disabled
 NUMA Support: Disabled
 Compressed Oops: Enabled (32-bit)
 Heap Region Size: 1M
 Heap Min Capacity: 8M
 Heap Initial Capacity: 128M
 Heap Max Capacity: 2020M
 Pre-touch: Disabled
 Parallel Workers: 4
 Concurrent Workers: 1
 Concurrent Refinement Workers: 4
 Periodic GC: Disabled
Heap:
 garbage-first heap   total 174080K, used 105013K [0x0000000081c00000, 0x0000000100000000)
  region size 1024K, 52 young (53248K), 4 survivors (4096K)
 Metaspace       used 92963K, committed 93632K, reserved 1179648K
  class space    used 13495K, committed 13824K, reserved 1048576K
GC Heap History (20 events):
Event: 27.167 GC heap before
{Heap before GC invocations=16 (full 0):
 garbage-first heap   total 86016K, used 69632K [0x0000000081c00000, 0x0000000100000000)
  region size 1024K, 35 young (35840K), 3 survivors (3072K)
 Metaspace       used 64460K, committed 65024K, reserved 1114112K
  class space    used 9388K, committed 9664K, reserved 1048576K
}
Event: 27.180 GC heap after
{Heap after GC invocations=17 (full 0):
 garbage-first heap   total 86016K, used 39086K [0x0000000081c00000, 0x0000000100000000)
  region size 1024K, 4 young (4096K), 4 survivors (4096K)
 Metaspace       used 64460K, committed 65024K, reserved 1114112K
  class space    used 9388K, committed 9664K, reserved 1048576K
}
Event: 27.771 GC heap before
{Heap before GC invocations=17 (full 0):
 garbage-first heap   total 86016K, used 69806K [0x0000000081c00000, 0x0000000100000000)
  region size 1024K, 34 young (34816K), 4 survivors (4096K)
 Metaspace       used 67648K, committed 68224K, reserved 1114112K
  class space    used 9979K, committed 10240K, reserved 1048576K
}
Event: 27.779 GC heap after
{Heap after GC invocations=18 (full 0):
 garbage-first heap   total 86016K, used 41469K [0x0000000081c00000, 0x0000000100000000)
  region size 1024K, 5 young (5120K), 5 survivors (5120K)
 Metaspace       used 67648K, committed 68224K, reserved 1114112K
  class space    used 9979K, committed 10240K, reserved 1048576K
}
Event: 27.959 GC heap before
{Heap before GC invocations=18 (full 0):
 garbage-first heap   total 86016K, used 69117K [0x0000000081c00000, 0x0000000100000000)
  region size 1024K, 33 young (33792K), 5 survivors (5120K)
 Metaspace       used 69423K, committed 70016K, reserved 1114112K
  class space    used 10363K, committed 10624K, reserved 1048576K
}
Event: 27.966 GC heap after
{Heap after GC invocations=19 (full 0):
 garbage-first heap   total 86016K, used 42577K [0x0000000081c00000, 0x0000000100000000)
  region size 1024K, 4 young (4096K), 4 survivors (4096K)
 Metaspace       used 69423K, committed 70016K, reserved 1114112K
  class space    used 10363K, committed 10624K, reserved 1048576K
}
Event: 28.225 GC heap before
{Heap before GC invocations=19 (full 0):
 garbage-first heap   total 86016K, used 58961K [0x0000000081c00000, 0x0000000100000000)
  region size 1024K, 21 young (21504K), 4 survivors (4096K)
 Metaspace       used 71425K, committed 72064K, reserved 1114112K
  class space    used 10595K, committed 10880K, reserved 1048576K
}
Event: 28.230 GC heap after
{Heap after GC invocations=20 (full 0):
 garbage-first heap   total 86016K, used 43750K [0x0000000081c00000, 0x0000000100000000)
  region size 1024K, 3 young (3072K), 3 survivors (3072K)
 Metaspace       used 71425K, committed 72064K, reserved 1114112K
  class space    used 10595K, committed 10880K, reserved 1048576K
}
Event: 28.755 GC heap before
{Heap before GC invocations=21 (full 0):
 garbage-first heap   total 86016K, used 76518K [0x0000000081c00000, 0x0000000100000000)
  region size 1024K, 29 young (29696K), 3 survivors (3072K)
 Metaspace       used 73028K, committed 73664K, reserved 1114112K
  class space    used 10693K, committed 11008K, reserved 1048576K
}
Event: 28.760 GC heap after
{Heap after GC invocations=22 (full 0):
 garbage-first heap   total 86016K, used 48230K [0x0000000081c00000, 0x0000000100000000)
  region size 1024K, 4 young (4096K), 4 survivors (4096K)
 Metaspace       used 73028K, committed 73664K, reserved 1114112K
  class space    used 10693K, committed 11008K, reserved 1048576K
}
Event: 28.765 GC heap before
{Heap before GC invocations=22 (full 0):
 garbage-first heap   total 86016K, used 49254K [0x0000000081c00000, 0x0000000100000000)
  region size 1024K, 5 young (5120K), 4 survivors (4096K)
 Metaspace       used 73028K, committed 73664K, reserved 1114112K
  class space    used 10693K, committed 11008K, reserved 1048576K
}
Event: 28.770 GC heap after
{Heap after GC invocations=23 (full 0):
 garbage-first heap   total 86016K, used 48648K [0x0000000081c00000, 0x0000000100000000)
  region size 1024K, 1 young (1024K), 1 survivors (1024K)
 Metaspace       used 73028K, committed 73664K, reserved 1114112K
  class space    used 10693K, committed 11008K, reserved 1048576K
}
Event: 29.412 GC heap before
{Heap before GC invocations=23 (full 0):
 garbage-first heap   total 86016K, used 68104K [0x0000000081c00000, 0x0000000100000000)
  region size 1024K, 20 young (20480K), 1 survivors (1024K)
 Metaspace       used 73785K, committed 74432K, reserved 1114112K
  class space    used 10800K, committed 11136K, reserved 1048576K
}
Event: 29.417 GC heap after
{Heap after GC invocations=24 (full 0):
 garbage-first heap   total 190464K, used 49993K [0x0000000081c00000, 0x0000000100000000)
  region size 1024K, 2 young (2048K), 2 survivors (2048K)
 Metaspace       used 73785K, committed 74432K, reserved 1114112K
  class space    used 10800K, committed 11136K, reserved 1048576K
}
Event: 33.959 GC heap before
{Heap before GC invocations=25 (full 0):
 garbage-first heap   total 174080K, used 146249K [0x0000000081c00000, 0x0000000100000000)
  region size 1024K, 96 young (98304K), 2 survivors (2048K)
 Metaspace       used 80195K, committed 80896K, reserved 1179648K
  class space    used 11751K, committed 12096K, reserved 1048576K
}
Event: 33.968 GC heap after
{Heap after GC invocations=26 (full 0):
 garbage-first heap   total 174080K, used 54787K [0x0000000081c00000, 0x0000000100000000)
  region size 1024K, 7 young (7168K), 7 survivors (7168K)
 Metaspace       used 80195K, committed 80896K, reserved 1179648K
  class space    used 11751K, committed 12096K, reserved 1048576K
}
Event: 34.003 GC heap before
{Heap before GC invocations=26 (full 0):
 garbage-first heap   total 174080K, used 54787K [0x0000000081c00000, 0x0000000100000000)
  region size 1024K, 8 young (8192K), 7 survivors (7168K)
 Metaspace       used 80304K, committed 81024K, reserved 1179648K
  class space    used 11765K, committed 12096K, reserved 1048576K
}
Event: 34.011 GC heap after
{Heap after GC invocations=27 (full 0):
 garbage-first heap   total 174080K, used 54901K [0x0000000081c00000, 0x0000000100000000)
  region size 1024K, 1 young (1024K), 1 survivors (1024K)
 Metaspace       used 80304K, committed 81024K, reserved 1179648K
  class space    used 11765K, committed 12096K, reserved 1048576K
}
Event: 889.534 GC heap before
{Heap before GC invocations=27 (full 0):
 garbage-first heap   total 174080K, used 133749K [0x0000000081c00000, 0x0000000100000000)
  region size 1024K, 79 young (80896K), 1 survivors (1024K)
 Metaspace       used 91882K, committed 92608K, reserved 1179648K
  class space    used 13350K, committed 13696K, reserved 1048576K
}
Event: 889.764 GC heap after
{Heap after GC invocations=28 (full 0):
 garbage-first heap   total 174080K, used 57909K [0x0000000081c00000, 0x0000000100000000)
  region size 1024K, 4 young (4096K), 4 survivors (4096K)
 Metaspace       used 91882K, committed 92608K, reserved 1179648K
  class space    used 13350K, committed 13696K, reserved 1048576K
}

